[debug] [2023-12-31T23:12:27.606Z] ----------------------------------------------------------------------
[debug] [2023-12-31T23:12:27.621Z] Command:       C:\Program Files\nodejs\node.exe C:\Users\Usuario\AppData\Roaming\npm\node_modules\firebase-tools\lib\bin\firebase.js init
[debug] [2023-12-31T23:12:27.625Z] CLI Version:   13.0.2
[debug] [2023-12-31T23:12:27.627Z] Platform:      win32
[debug] [2023-12-31T23:12:27.630Z] Node Version:  v18.18.0
[debug] [2023-12-31T23:12:27.648Z] Time:          Sun Dec 31 2023 20:12:27 GMT-0300 (hora estándar de Argentina)
[debug] [2023-12-31T23:12:27.649Z] ----------------------------------------------------------------------
[debug] 
[debug] [2023-12-31T23:12:27.667Z] >>> [apiv2][query] GET https://firebase-public.firebaseio.com/cli.json [none]
[debug] [2023-12-31T23:12:27.957Z] > command requires scopes: ["email","openid","https://www.googleapis.com/auth/cloudplatformprojects.readonly","https://www.googleapis.com/auth/firebase","https://www.googleapis.com/auth/cloud-platform"]
[debug] [2023-12-31T23:12:27.960Z] > authorizing via signed-in user (manchestercold@gmail.com)
[info] 
     ######## #### ########  ######## ########     ###     ######  ########
     ##        ##  ##     ## ##       ##     ##  ##   ##  ##       ##
     ######    ##  ########  ######   ########  #########  ######  ######
     ##        ##  ##    ##  ##       ##     ## ##     ##       ## ##
     ##       #### ##     ## ######## ########  ##     ##  ######  ########

You're about to initialize a Firebase project in this directory:

  C:\Users\Usuario\OneDrive\Documentos\To Be FULL STACK\lading-page-product-firebase

[debug] [2023-12-31T23:12:29.226Z] <<< [apiv2][status] GET https://firebase-public.firebaseio.com/cli.json 200
[debug] [2023-12-31T23:12:29.231Z] <<< [apiv2][body] GET https://firebase-public.firebaseio.com/cli.json {"cloudBuildErrorAfter":1594252800000,"cloudBuildWarnAfter":1590019200000,"defaultNode10After":1594252800000,"minVersion":"3.0.5","node8DeploysDisabledAfter":1613390400000,"node8RuntimeDisabledAfter":1615809600000,"node8WarnAfter":1600128000000}
